DEB [20190325-16:44:28.039] thr=1   paramiko.transport: starting thread (client mode): 0xd912080
DEB [20190325-16:44:28.039] thr=1   paramiko.transport: Local version/idstring: SSH-2.0-paramiko_2.4.2
DEB [20190325-16:44:28.079] thr=1   paramiko.transport: Remote version/idstring: SSH-2.0-OpenSSH_7.2p2 Ubuntu-4ubuntu2.2
INF [20190325-16:44:28.089] thr=1   paramiko.transport: Connected (version 2.0, client OpenSSH_7.2p2)
DEB [20190325-16:44:28.099] thr=1   paramiko.transport: kex algos:['curve25519-sha256@libssh.org', 'ecdh-sha2-nistp256', 'ecdh-sha2-nistp384', 'ecdh-sha2-nistp521', 'diffie-hellman-group-exchange-sha256', 'diffie-hellman-group14-sha1'] server key:['ssh-rsa', 'rsa-sha2-512', 'rsa-sha2-256', 'ecdsa-sha2-nistp256', 'ssh-ed25519'] client encrypt:['chacha20-poly1305@openssh.com', 'aes128-ctr', 'aes192-ctr', 'aes256-ctr', 'aes128-gcm@openssh.com', 'aes256-gcm@openssh.com'] server encrypt:['chacha20-poly1305@openssh.com', 'aes128-ctr', 'aes192-ctr', 'aes256-ctr', 'aes128-gcm@openssh.com', 'aes256-gcm@openssh.com'] client mac:['umac-64-etm@openssh.com', 'umac-128-etm@openssh.com', 'hmac-sha2-256-etm@openssh.com', 'hmac-sha2-512-etm@openssh.com', 'hmac-sha1-etm@openssh.com', 'umac-64@openssh.com', 'umac-128@openssh.com', 'hmac-sha2-256', 'hmac-sha2-512', 'hmac-sha1'] server mac:['umac-64-etm@openssh.com', 'umac-128-etm@openssh.com', 'hmac-sha2-256-etm@openssh.com', 'hmac-sha2-512-etm@openssh.com', 'hmac-sha1-etm@openssh.com', 'umac-64@openssh.com', 'umac-128@openssh.com', 'hmac-sha2-256', 'hmac-sha2-512', 'hmac-sha1'] client compress:['none', 'zlib@openssh.com'] server compress:['none', 'zlib@openssh.com'] client lang:[''] server lang:[''] kex follows?False
DEB [20190325-16:44:28.109] thr=1   paramiko.transport: Kex agreed: ecdh-sha2-nistp256
DEB [20190325-16:44:28.109] thr=1   paramiko.transport: HostKey agreed: ssh-ed25519
DEB [20190325-16:44:28.109] thr=1   paramiko.transport: Cipher agreed: aes128-ctr
DEB [20190325-16:44:28.119] thr=1   paramiko.transport: MAC agreed: hmac-sha2-256
DEB [20190325-16:44:28.119] thr=1   paramiko.transport: Compression agreed: none
DEB [20190325-16:44:29.219] thr=1   paramiko.transport: kex engine KexNistp256 specified hash_algo <built-in function openssl_sha256>
DEB [20190325-16:44:29.219] thr=1   paramiko.transport: Switch to new keys ...
DEB [20190325-16:44:29.439] thr=2   paramiko.transport: starting thread (client mode): 0xd98d5f8
DEB [20190325-16:44:29.449] thr=2   paramiko.transport: Local version/idstring: SSH-2.0-paramiko_2.4.2
DEB [20190325-16:44:29.479] thr=2   paramiko.transport: Remote version/idstring: SSH-2.0-OpenSSH_7.2p2 Ubuntu-4ubuntu2.2
INF [20190325-16:44:29.479] thr=2   paramiko.transport: Connected (version 2.0, client OpenSSH_7.2p2)
DEB [20190325-16:44:29.689] thr=2   paramiko.transport: kex algos:['curve25519-sha256@libssh.org', 'ecdh-sha2-nistp256', 'ecdh-sha2-nistp384', 'ecdh-sha2-nistp521', 'diffie-hellman-group-exchange-sha256', 'diffie-hellman-group14-sha1'] server key:['ssh-rsa', 'rsa-sha2-512', 'rsa-sha2-256', 'ecdsa-sha2-nistp256', 'ssh-ed25519'] client encrypt:['chacha20-poly1305@openssh.com', 'aes128-ctr', 'aes192-ctr', 'aes256-ctr', 'aes128-gcm@openssh.com', 'aes256-gcm@openssh.com'] server encrypt:['chacha20-poly1305@openssh.com', 'aes128-ctr', 'aes192-ctr', 'aes256-ctr', 'aes128-gcm@openssh.com', 'aes256-gcm@openssh.com'] client mac:['umac-64-etm@openssh.com', 'umac-128-etm@openssh.com', 'hmac-sha2-256-etm@openssh.com', 'hmac-sha2-512-etm@openssh.com', 'hmac-sha1-etm@openssh.com', 'umac-64@openssh.com', 'umac-128@openssh.com', 'hmac-sha2-256', 'hmac-sha2-512', 'hmac-sha1'] server mac:['umac-64-etm@openssh.com', 'umac-128-etm@openssh.com', 'hmac-sha2-256-etm@openssh.com', 'hmac-sha2-512-etm@openssh.com', 'hmac-sha1-etm@openssh.com', 'umac-64@openssh.com', 'umac-128@openssh.com', 'hmac-sha2-256', 'hmac-sha2-512', 'hmac-sha1'] client compress:['none', 'zlib@openssh.com'] server compress:['none', 'zlib@openssh.com'] client lang:[''] server lang:[''] kex follows?False
DEB [20190325-16:44:29.689] thr=2   paramiko.transport: Kex agreed: ecdh-sha2-nistp256
DEB [20190325-16:44:29.699] thr=2   paramiko.transport: HostKey agreed: ssh-ed25519
DEB [20190325-16:44:29.699] thr=2   paramiko.transport: Cipher agreed: aes128-ctr
DEB [20190325-16:44:29.709] thr=2   paramiko.transport: MAC agreed: hmac-sha2-256
DEB [20190325-16:44:29.709] thr=2   paramiko.transport: Compression agreed: none
DEB [20190325-16:44:29.839] thr=2   paramiko.transport: kex engine KexNistp256 specified hash_algo <built-in function openssl_sha256>
DEB [20190325-16:44:29.849] thr=2   paramiko.transport: Switch to new keys ...
DEB [20190325-16:44:29.859] thr=3   paramiko.transport: Adding ssh-ed25519 host key for rp-f053d1.local: b'7e60fc0fa820993fbece1839f0903419'
DEB [20190325-16:44:29.889] thr=2   paramiko.transport: userauth is OK
INF [20190325-16:44:30.089] thr=2   paramiko.transport: Authentication (password) successful!
DEB [20190325-16:44:30.089] thr=3   paramiko.transport: [chan 0] Max packet in: 32768 bytes
DEB [20190325-16:44:30.129] thr=2   paramiko.transport: Received global request "hostkeys-00@openssh.com"
DEB [20190325-16:44:30.129] thr=2   paramiko.transport: Rejecting "hostkeys-00@openssh.com" global request from server.
DEB [20190325-16:44:30.329] thr=2   paramiko.transport: [chan 0] Max packet out: 32768 bytes
DEB [20190325-16:44:30.339] thr=2   paramiko.transport: Secsh channel 0 opened.
DEB [20190325-16:44:30.349] thr=2   paramiko.transport: [chan 0] Sesch channel 0 request ok
DEB [20190325-16:44:30.359] thr=2   paramiko.transport: [chan 0] Sesch channel 0 request ok
DEB [20190325-16:44:30.419] thr=1   paramiko.transport: EOF in transport thread
DEB [20190325-16:44:30.879] thr=3   paramiko.transport: [chan 1] Max packet in: 32768 bytes
DEB [20190325-16:44:31.079] thr=2   paramiko.transport: [chan 1] Max packet out: 32768 bytes
DEB [20190325-16:44:31.089] thr=2   paramiko.transport: Secsh channel 1 opened.
DEB [20190325-16:44:31.159] thr=2   paramiko.transport: [chan 1] Sesch channel 1 request ok
ERR [20190325-16:44:51.009] thr=2   paramiko.transport: Socket exception: Eine vorhandene Verbindung wurde vom Remotehost geschlossen (10054)
DEB [20190326-11:03:42.110] thr=1   paramiko.transport: starting thread (client mode): 0x988de10
DEB [20190326-11:03:42.110] thr=1   paramiko.transport: Local version/idstring: SSH-2.0-paramiko_2.4.2
DEB [20190326-11:03:42.160] thr=1   paramiko.transport: Remote version/idstring: SSH-2.0-OpenSSH_7.2p2 Ubuntu-4ubuntu2.2
INF [20190326-11:03:42.160] thr=1   paramiko.transport: Connected (version 2.0, client OpenSSH_7.2p2)
DEB [20190326-11:03:42.160] thr=1   paramiko.transport: kex algos:['curve25519-sha256@libssh.org', 'ecdh-sha2-nistp256', 'ecdh-sha2-nistp384', 'ecdh-sha2-nistp521', 'diffie-hellman-group-exchange-sha256', 'diffie-hellman-group14-sha1'] server key:['ssh-rsa', 'rsa-sha2-512', 'rsa-sha2-256', 'ecdsa-sha2-nistp256', 'ssh-ed25519'] client encrypt:['chacha20-poly1305@openssh.com', 'aes128-ctr', 'aes192-ctr', 'aes256-ctr', 'aes128-gcm@openssh.com', 'aes256-gcm@openssh.com'] server encrypt:['chacha20-poly1305@openssh.com', 'aes128-ctr', 'aes192-ctr', 'aes256-ctr', 'aes128-gcm@openssh.com', 'aes256-gcm@openssh.com'] client mac:['umac-64-etm@openssh.com', 'umac-128-etm@openssh.com', 'hmac-sha2-256-etm@openssh.com', 'hmac-sha2-512-etm@openssh.com', 'hmac-sha1-etm@openssh.com', 'umac-64@openssh.com', 'umac-128@openssh.com', 'hmac-sha2-256', 'hmac-sha2-512', 'hmac-sha1'] server mac:['umac-64-etm@openssh.com', 'umac-128-etm@openssh.com', 'hmac-sha2-256-etm@openssh.com', 'hmac-sha2-512-etm@openssh.com', 'hmac-sha1-etm@openssh.com', 'umac-64@openssh.com', 'umac-128@openssh.com', 'hmac-sha2-256', 'hmac-sha2-512', 'hmac-sha1'] client compress:['none', 'zlib@openssh.com'] server compress:['none', 'zlib@openssh.com'] client lang:[''] server lang:[''] kex follows?False
DEB [20190326-11:03:42.160] thr=1   paramiko.transport: Kex agreed: ecdh-sha2-nistp256
DEB [20190326-11:03:42.160] thr=1   paramiko.transport: HostKey agreed: ssh-ed25519
DEB [20190326-11:03:42.160] thr=1   paramiko.transport: Cipher agreed: aes128-ctr
DEB [20190326-11:03:42.160] thr=1   paramiko.transport: MAC agreed: hmac-sha2-256
DEB [20190326-11:03:42.160] thr=1   paramiko.transport: Compression agreed: none
DEB [20190326-11:03:43.410] thr=2   paramiko.transport: starting thread (client mode): 0xaa81b00
DEB [20190326-11:03:43.410] thr=2   paramiko.transport: Local version/idstring: SSH-2.0-paramiko_2.4.2
DEB [20190326-11:03:43.450] thr=2   paramiko.transport: Remote version/idstring: SSH-2.0-OpenSSH_7.2p2 Ubuntu-4ubuntu2.2
INF [20190326-11:03:43.450] thr=2   paramiko.transport: Connected (version 2.0, client OpenSSH_7.2p2)
DEB [20190326-11:03:43.660] thr=2   paramiko.transport: kex algos:['curve25519-sha256@libssh.org', 'ecdh-sha2-nistp256', 'ecdh-sha2-nistp384', 'ecdh-sha2-nistp521', 'diffie-hellman-group-exchange-sha256', 'diffie-hellman-group14-sha1'] server key:['ssh-rsa', 'rsa-sha2-512', 'rsa-sha2-256', 'ecdsa-sha2-nistp256', 'ssh-ed25519'] client encrypt:['chacha20-poly1305@openssh.com', 'aes128-ctr', 'aes192-ctr', 'aes256-ctr', 'aes128-gcm@openssh.com', 'aes256-gcm@openssh.com'] server encrypt:['chacha20-poly1305@openssh.com', 'aes128-ctr', 'aes192-ctr', 'aes256-ctr', 'aes128-gcm@openssh.com', 'aes256-gcm@openssh.com'] client mac:['umac-64-etm@openssh.com', 'umac-128-etm@openssh.com', 'hmac-sha2-256-etm@openssh.com', 'hmac-sha2-512-etm@openssh.com', 'hmac-sha1-etm@openssh.com', 'umac-64@openssh.com', 'umac-128@openssh.com', 'hmac-sha2-256', 'hmac-sha2-512', 'hmac-sha1'] server mac:['umac-64-etm@openssh.com', 'umac-128-etm@openssh.com', 'hmac-sha2-256-etm@openssh.com', 'hmac-sha2-512-etm@openssh.com', 'hmac-sha1-etm@openssh.com', 'umac-64@openssh.com', 'umac-128@openssh.com', 'hmac-sha2-256', 'hmac-sha2-512', 'hmac-sha1'] client compress:['none', 'zlib@openssh.com'] server compress:['none', 'zlib@openssh.com'] client lang:[''] server lang:[''] kex follows?False
DEB [20190326-11:03:43.660] thr=2   paramiko.transport: Kex agreed: ecdh-sha2-nistp256
DEB [20190326-11:03:43.660] thr=2   paramiko.transport: HostKey agreed: ssh-ed25519
DEB [20190326-11:03:43.660] thr=2   paramiko.transport: Cipher agreed: aes128-ctr
DEB [20190326-11:03:43.660] thr=2   paramiko.transport: MAC agreed: hmac-sha2-256
DEB [20190326-11:03:43.660] thr=2   paramiko.transport: Compression agreed: none
DEB [20190326-11:03:44.270] thr=2   paramiko.transport: kex engine KexNistp256 specified hash_algo <built-in function openssl_sha256>
DEB [20190326-11:03:44.270] thr=2   paramiko.transport: Switch to new keys ...
DEB [20190326-11:03:44.270] thr=3   paramiko.transport: Adding ssh-ed25519 host key for rp-f053d1.local: b'c34b645ae1e838a1da5536d4a56eadc4'
DEB [20190326-11:03:44.280] thr=1   paramiko.transport: kex engine KexNistp256 specified hash_algo <built-in function openssl_sha256>
DEB [20190326-11:03:44.280] thr=1   paramiko.transport: Switch to new keys ...
DEB [20190326-11:03:44.580] thr=2   paramiko.transport: userauth is OK
INF [20190326-11:03:44.770] thr=2   paramiko.transport: Authentication (password) successful!
DEB [20190326-11:03:44.770] thr=3   paramiko.transport: [chan 0] Max packet in: 32768 bytes
DEB [20190326-11:03:44.820] thr=2   paramiko.transport: Received global request "hostkeys-00@openssh.com"
DEB [20190326-11:03:44.830] thr=2   paramiko.transport: Rejecting "hostkeys-00@openssh.com" global request from server.
DEB [20190326-11:03:45.020] thr=2   paramiko.transport: [chan 0] Max packet out: 32768 bytes
DEB [20190326-11:03:45.020] thr=2   paramiko.transport: Secsh channel 0 opened.
DEB [20190326-11:03:45.020] thr=2   paramiko.transport: [chan 0] Sesch channel 0 request ok
DEB [20190326-11:03:45.020] thr=2   paramiko.transport: [chan 0] Sesch channel 0 request ok
DEB [20190326-11:03:45.090] thr=1   paramiko.transport: EOF in transport thread
DEB [20190326-11:03:45.520] thr=3   paramiko.transport: [chan 1] Max packet in: 32768 bytes
DEB [20190326-11:03:46.020] thr=2   paramiko.transport: [chan 1] Max packet out: 32768 bytes
DEB [20190326-11:03:46.020] thr=2   paramiko.transport: Secsh channel 1 opened.
DEB [20190326-11:03:46.320] thr=2   paramiko.transport: [chan 1] Sesch channel 1 request ok
DEB [20190326-11:19:47.423] thr=1   paramiko.transport: starting thread (client mode): 0xbaa4d68
DEB [20190326-11:19:47.433] thr=1   paramiko.transport: Local version/idstring: SSH-2.0-paramiko_2.4.2
DEB [20190326-11:19:47.453] thr=1   paramiko.transport: Remote version/idstring: SSH-2.0-OpenSSH_7.2p2 Ubuntu-4ubuntu2.2
INF [20190326-11:19:47.453] thr=1   paramiko.transport: Connected (version 2.0, client OpenSSH_7.2p2)
DEB [20190326-11:19:47.653] thr=1   paramiko.transport: kex algos:['curve25519-sha256@libssh.org', 'ecdh-sha2-nistp256', 'ecdh-sha2-nistp384', 'ecdh-sha2-nistp521', 'diffie-hellman-group-exchange-sha256', 'diffie-hellman-group14-sha1'] server key:['ssh-rsa', 'rsa-sha2-512', 'rsa-sha2-256', 'ecdsa-sha2-nistp256', 'ssh-ed25519'] client encrypt:['chacha20-poly1305@openssh.com', 'aes128-ctr', 'aes192-ctr', 'aes256-ctr', 'aes128-gcm@openssh.com', 'aes256-gcm@openssh.com'] server encrypt:['chacha20-poly1305@openssh.com', 'aes128-ctr', 'aes192-ctr', 'aes256-ctr', 'aes128-gcm@openssh.com', 'aes256-gcm@openssh.com'] client mac:['umac-64-etm@openssh.com', 'umac-128-etm@openssh.com', 'hmac-sha2-256-etm@openssh.com', 'hmac-sha2-512-etm@openssh.com', 'hmac-sha1-etm@openssh.com', 'umac-64@openssh.com', 'umac-128@openssh.com', 'hmac-sha2-256', 'hmac-sha2-512', 'hmac-sha1'] server mac:['umac-64-etm@openssh.com', 'umac-128-etm@openssh.com', 'hmac-sha2-256-etm@openssh.com', 'hmac-sha2-512-etm@openssh.com', 'hmac-sha1-etm@openssh.com', 'umac-64@openssh.com', 'umac-128@openssh.com', 'hmac-sha2-256', 'hmac-sha2-512', 'hmac-sha1'] client compress:['none', 'zlib@openssh.com'] server compress:['none', 'zlib@openssh.com'] client lang:[''] server lang:[''] kex follows?False
DEB [20190326-11:19:47.653] thr=1   paramiko.transport: Kex agreed: ecdh-sha2-nistp256
DEB [20190326-11:19:47.653] thr=1   paramiko.transport: HostKey agreed: ssh-ed25519
DEB [20190326-11:19:47.663] thr=1   paramiko.transport: Cipher agreed: aes128-ctr
DEB [20190326-11:19:47.663] thr=1   paramiko.transport: MAC agreed: hmac-sha2-256
DEB [20190326-11:19:47.663] thr=1   paramiko.transport: Compression agreed: none
DEB [20190326-11:19:48.673] thr=2   paramiko.transport: starting thread (client mode): 0x779ffd0
DEB [20190326-11:19:48.673] thr=2   paramiko.transport: Local version/idstring: SSH-2.0-paramiko_2.4.2
DEB [20190326-11:19:48.723] thr=2   paramiko.transport: Remote version/idstring: SSH-2.0-OpenSSH_7.2p2 Ubuntu-4ubuntu2.2
INF [20190326-11:19:48.723] thr=2   paramiko.transport: Connected (version 2.0, client OpenSSH_7.2p2)
DEB [20190326-11:19:48.923] thr=2   paramiko.transport: kex algos:['curve25519-sha256@libssh.org', 'ecdh-sha2-nistp256', 'ecdh-sha2-nistp384', 'ecdh-sha2-nistp521', 'diffie-hellman-group-exchange-sha256', 'diffie-hellman-group14-sha1'] server key:['ssh-rsa', 'rsa-sha2-512', 'rsa-sha2-256', 'ecdsa-sha2-nistp256', 'ssh-ed25519'] client encrypt:['chacha20-poly1305@openssh.com', 'aes128-ctr', 'aes192-ctr', 'aes256-ctr', 'aes128-gcm@openssh.com', 'aes256-gcm@openssh.com'] server encrypt:['chacha20-poly1305@openssh.com', 'aes128-ctr', 'aes192-ctr', 'aes256-ctr', 'aes128-gcm@openssh.com', 'aes256-gcm@openssh.com'] client mac:['umac-64-etm@openssh.com', 'umac-128-etm@openssh.com', 'hmac-sha2-256-etm@openssh.com', 'hmac-sha2-512-etm@openssh.com', 'hmac-sha1-etm@openssh.com', 'umac-64@openssh.com', 'umac-128@openssh.com', 'hmac-sha2-256', 'hmac-sha2-512', 'hmac-sha1'] server mac:['umac-64-etm@openssh.com', 'umac-128-etm@openssh.com', 'hmac-sha2-256-etm@openssh.com', 'hmac-sha2-512-etm@openssh.com', 'hmac-sha1-etm@openssh.com', 'umac-64@openssh.com', 'umac-128@openssh.com', 'hmac-sha2-256', 'hmac-sha2-512', 'hmac-sha1'] client compress:['none', 'zlib@openssh.com'] server compress:['none', 'zlib@openssh.com'] client lang:[''] server lang:[''] kex follows?False
DEB [20190326-11:19:48.923] thr=2   paramiko.transport: Kex agreed: ecdh-sha2-nistp256
DEB [20190326-11:19:48.933] thr=2   paramiko.transport: HostKey agreed: ssh-ed25519
DEB [20190326-11:19:48.933] thr=2   paramiko.transport: Cipher agreed: aes128-ctr
DEB [20190326-11:19:48.933] thr=2   paramiko.transport: MAC agreed: hmac-sha2-256
DEB [20190326-11:19:48.933] thr=2   paramiko.transport: Compression agreed: none
DEB [20190326-11:19:49.993] thr=3   paramiko.transport: starting thread (client mode): 0x779f6a0
DEB [20190326-11:19:49.993] thr=3   paramiko.transport: Local version/idstring: SSH-2.0-paramiko_2.4.2
DEB [20190326-11:19:50.043] thr=3   paramiko.transport: Remote version/idstring: SSH-2.0-OpenSSH_7.2p2 Ubuntu-4ubuntu2.2
INF [20190326-11:19:50.043] thr=3   paramiko.transport: Connected (version 2.0, client OpenSSH_7.2p2)
DEB [20190326-11:19:50.243] thr=3   paramiko.transport: kex algos:['curve25519-sha256@libssh.org', 'ecdh-sha2-nistp256', 'ecdh-sha2-nistp384', 'ecdh-sha2-nistp521', 'diffie-hellman-group-exchange-sha256', 'diffie-hellman-group14-sha1'] server key:['ssh-rsa', 'rsa-sha2-512', 'rsa-sha2-256', 'ecdsa-sha2-nistp256', 'ssh-ed25519'] client encrypt:['chacha20-poly1305@openssh.com', 'aes128-ctr', 'aes192-ctr', 'aes256-ctr', 'aes128-gcm@openssh.com', 'aes256-gcm@openssh.com'] server encrypt:['chacha20-poly1305@openssh.com', 'aes128-ctr', 'aes192-ctr', 'aes256-ctr', 'aes128-gcm@openssh.com', 'aes256-gcm@openssh.com'] client mac:['umac-64-etm@openssh.com', 'umac-128-etm@openssh.com', 'hmac-sha2-256-etm@openssh.com', 'hmac-sha2-512-etm@openssh.com', 'hmac-sha1-etm@openssh.com', 'umac-64@openssh.com', 'umac-128@openssh.com', 'hmac-sha2-256', 'hmac-sha2-512', 'hmac-sha1'] server mac:['umac-64-etm@openssh.com', 'umac-128-etm@openssh.com', 'hmac-sha2-256-etm@openssh.com', 'hmac-sha2-512-etm@openssh.com', 'hmac-sha1-etm@openssh.com', 'umac-64@openssh.com', 'umac-128@openssh.com', 'hmac-sha2-256', 'hmac-sha2-512', 'hmac-sha1'] client compress:['none', 'zlib@openssh.com'] server compress:['none', 'zlib@openssh.com'] client lang:[''] server lang:[''] kex follows?False
DEB [20190326-11:19:50.243] thr=3   paramiko.transport: Kex agreed: ecdh-sha2-nistp256
DEB [20190326-11:19:50.243] thr=3   paramiko.transport: HostKey agreed: ssh-ed25519
DEB [20190326-11:19:50.253] thr=3   paramiko.transport: Cipher agreed: aes128-ctr
DEB [20190326-11:19:50.253] thr=3   paramiko.transport: MAC agreed: hmac-sha2-256
DEB [20190326-11:19:50.253] thr=3   paramiko.transport: Compression agreed: none
DEB [20190326-11:19:50.933] thr=1   paramiko.transport: kex engine KexNistp256 specified hash_algo <built-in function openssl_sha256>
DEB [20190326-11:19:50.953] thr=1   paramiko.transport: Switch to new keys ...
DEB [20190326-11:19:50.973] thr=3   paramiko.transport: kex engine KexNistp256 specified hash_algo <built-in function openssl_sha256>
DEB [20190326-11:19:50.983] thr=3   paramiko.transport: Switch to new keys ...
DEB [20190326-11:19:50.993] thr=4   paramiko.transport: Adding ssh-ed25519 host key for rp-f053d1.local: b'c34b645ae1e838a1da5536d4a56eadc4'
DEB [20190326-11:19:53.083] thr=3   paramiko.transport: userauth is OK
INF [20190326-11:19:53.273] thr=3   paramiko.transport: Authentication (password) successful!
DEB [20190326-11:19:53.273] thr=4   paramiko.transport: [chan 0] Max packet in: 32768 bytes
DEB [20190326-11:19:53.343] thr=3   paramiko.transport: Received global request "hostkeys-00@openssh.com"
DEB [20190326-11:19:53.353] thr=3   paramiko.transport: Rejecting "hostkeys-00@openssh.com" global request from server.
DEB [20190326-11:19:53.523] thr=3   paramiko.transport: [chan 0] Max packet out: 32768 bytes
DEB [20190326-11:19:53.523] thr=3   paramiko.transport: Secsh channel 0 opened.
DEB [20190326-11:19:53.823] thr=3   paramiko.transport: [chan 0] Sesch channel 0 request ok
DEB [20190326-11:19:53.823] thr=3   paramiko.transport: [chan 0] Sesch channel 0 request ok
DEB [20190326-11:19:53.883] thr=2   paramiko.transport: EOF in transport thread
DEB [20190326-11:19:53.883] thr=1   paramiko.transport: EOF in transport thread
DEB [20190326-11:19:54.353] thr=4   paramiko.transport: [chan 1] Max packet in: 32768 bytes
DEB [20190326-11:19:54.653] thr=3   paramiko.transport: [chan 1] Max packet out: 32768 bytes
DEB [20190326-11:19:54.653] thr=3   paramiko.transport: Secsh channel 1 opened.
DEB [20190326-11:19:54.653] thr=3   paramiko.transport: [chan 1] Sesch channel 1 request ok
ERR [20190326-11:21:09.523] thr=3   paramiko.transport: Socket exception: Eine vorhandene Verbindung wurde vom Remotehost geschlossen (10054)
