DEB [20190625-17:06:48.098] thr=1   paramiko.transport: starting thread (client mode): 0xe6761860
DEB [20190625-17:06:48.098] thr=1   paramiko.transport: Local version/idstring: SSH-2.0-paramiko_2.1.2
DEB [20190625-17:06:48.147] thr=1   paramiko.transport: Remote version/idstring: SSH-2.0-OpenSSH_7.2p2 Ubuntu-4ubuntu2.6
INF [20190625-17:06:48.148] thr=1   paramiko.transport: Connected (version 2.0, client OpenSSH_7.2p2)
DEB [20190625-17:06:48.151] thr=1   paramiko.transport: kex algos:['curve25519-sha256@libssh.org', 'ecdh-sha2-nistp256', 'ecdh-sha2-nistp384', 'ecdh-sha2-nistp521', 'diffie-hellman-group-exchange-sha256', 'diffie-hellman-group14-sha1'] server key:['ssh-rsa', 'rsa-sha2-512', 'rsa-sha2-256', 'ecdsa-sha2-nistp256', 'ssh-ed25519'] client encrypt:['chacha20-poly1305@openssh.com', 'aes128-ctr', 'aes192-ctr', 'aes256-ctr', 'aes128-gcm@openssh.com', 'aes256-gcm@openssh.com'] server encrypt:['chacha20-poly1305@openssh.com', 'aes128-ctr', 'aes192-ctr', 'aes256-ctr', 'aes128-gcm@openssh.com', 'aes256-gcm@openssh.com'] client mac:['umac-64-etm@openssh.com', 'umac-128-etm@openssh.com', 'hmac-sha2-256-etm@openssh.com', 'hmac-sha2-512-etm@openssh.com', 'hmac-sha1-etm@openssh.com', 'umac-64@openssh.com', 'umac-128@openssh.com', 'hmac-sha2-256', 'hmac-sha2-512', 'hmac-sha1'] server mac:['umac-64-etm@openssh.com', 'umac-128-etm@openssh.com', 'hmac-sha2-256-etm@openssh.com', 'hmac-sha2-512-etm@openssh.com', 'hmac-sha1-etm@openssh.com', 'umac-64@openssh.com', 'umac-128@openssh.com', 'hmac-sha2-256', 'hmac-sha2-512', 'hmac-sha1'] client compress:['none', 'zlib@openssh.com'] server compress:['none', 'zlib@openssh.com'] client lang:[''] server lang:[''] kex follows?False
DEB [20190625-17:06:48.152] thr=1   paramiko.transport: Kex agreed: diffie-hellman-group14-sha1
DEB [20190625-17:06:48.152] thr=1   paramiko.transport: Cipher agreed: aes128-ctr
DEB [20190625-17:06:48.153] thr=1   paramiko.transport: MAC agreed: hmac-sha2-256
DEB [20190625-17:06:48.153] thr=1   paramiko.transport: Compression agreed: none
DEB [20190625-17:06:48.402] thr=1   paramiko.transport: kex engine KexGroup14 specified hash_algo <built-in function openssl_sha1>
DEB [20190625-17:06:48.403] thr=1   paramiko.transport: Switch to new keys ...
DEB [20190625-17:06:48.403] thr=2   paramiko.transport: Adding ssh-rsa host key for 131.246.145.66: b'7580953f999d6a1fbcdad62735dcacd8'
DEB [20190625-17:06:48.406] thr=1   paramiko.transport: userauth is OK
INF [20190625-17:06:48.599] thr=1   paramiko.transport: Authentication (password) successful!
DEB [20190625-17:06:48.601] thr=2   paramiko.transport: [chan 0] Max packet in: 32768 bytes
DEB [20190625-17:06:48.643] thr=1   paramiko.transport: Received global request "hostkeys-00@openssh.com"
DEB [20190625-17:06:48.644] thr=1   paramiko.transport: Rejecting "hostkeys-00@openssh.com" global request from server.
DEB [20190625-17:06:48.695] thr=1   paramiko.transport: [chan 0] Max packet out: 32768 bytes
DEB [20190625-17:06:48.696] thr=1   paramiko.transport: Secsh channel 0 opened.
DEB [20190625-17:06:48.699] thr=1   paramiko.transport: [chan 0] Sesch channel 0 request ok
DEB [20190625-17:06:48.704] thr=1   paramiko.transport: [chan 0] Sesch channel 0 request ok
DEB [20190625-17:06:49.215] thr=2   paramiko.transport: [chan 1] Max packet in: 32768 bytes
DEB [20190625-17:06:49.217] thr=1   paramiko.transport: [chan 1] Max packet out: 32768 bytes
DEB [20190625-17:06:49.218] thr=1   paramiko.transport: Secsh channel 1 opened.
DEB [20190625-17:06:49.223] thr=1   paramiko.transport: [chan 1] Sesch channel 1 request ok
DEB [20190625-17:06:54.227] thr=2   paramiko.transport: [chan 1] EOF sent (1)
DEB [20190625-17:06:54.230] thr=1   paramiko.transport: [chan 1] EOF received (1)
